Arguments: 
  D:\ProgramFiles\nodejs\node.exe D:\ProgramFiles\nodejs\node_global\node_modules\yarn\bin\yarn.js install

PATH: 
  D:\mycodes\github\stock4me\node_modules\.bin;D:\Users\shipin\anaconda3;D:\Users\shipin\anaconda3\Library\mingw-w64\bin;D:\Users\shipin\anaconda3\Library\usr\bin;D:\Users\shipin\anaconda3\Library\bin;D:\Users\shipin\anaconda3\Scripts;D:\Users\shipin\anaconda3\bin;D:\Users\shipin\anaconda3\condabin;.;D:\VM\bin;C:\Program Files (x86)\Common Files\Intel\Shared Libraries\redist\intel64\compiler;C:\Windows\system32;C:\Windows;C:\Windows\System32\Wbem;C:\Windows\System32\WindowsPowerShell\v1.0;C:\Windows\System32\OpenSSH;C:\Program Files\NVIDIA Corporation\NVIDIA NvDLISR;D:\ProgramFiles\Java\jdk180_281\bin;D:\ProgramFiles\Java\jdk180_281\jre\bin;D:\ProgramFiles\Git\cmd;D:\ProgramFiles\nodejs;C:\ProgramData\chocolatey\bin;D:\ProgramFiles\nodejs\node_global;D:\ProgramFiles\NetSarang\Xshell 7;D:\ProgramFiles\NetSarang\Xftp 7;D:\Users\shipin\anaconda3;D:\Users\shipin\anaconda3\Scripts;D:\Users\shipin\anaconda3\Library\bin;.;C:\Program Files (x86)\NVIDIA Corporation\PhysX\Common;C:\Users\shipin\AppData\Local\Microsoft\WindowsApps;D:\Bandizip;C:\Users\shipin\AppData\Roaming\npm;D:\ProgramFiles\nodejs\node_global\node_modules;D:\Users\shipin\AppData\Local\Programs\MicrosoftVSCode\bin;D:\ProgramFile\JetBrains\PyCharm2112\bin;.

Yarn version: 
  1.22.19

Node version: 
  16.16.0

Platform: 
  win32 x64

Trace: 
  Error: ENOENT: no such file or directory, copyfile 'D:\ProgramFiles\nodejs\node_global\node_modules\yarn\bin\yarn_cache\v6\npm-ms-2.0.0-5608aeadfc00be6c2901df5f9861788de0d597c8-integrity\node_modules\ms\license.md' -> 'D:\mycodes\github\stock4me\node_modules\urllib\node_modules\ms\license.md'

npm manifest: 
  {
    "dependencies": {
      "urllib": "^2.37.0"
    }
  }

yarn manifest: 
  No manifest

Lockfile: 
  No lockfile
